2023-01-16 14:48:15,289 INFO [JavaFX Application Thread] c.e.r.j.Application [Data.java:161] [Ljava.lang.StackTraceElement;@413eddbd
2023-01-16 14:48:45,663 INFO [JavaFX Application Thread] c.e.r.j.Application [Data.java:161] [Ljava.lang.StackTraceElement;@5adfa48a
2023-01-16 14:49:20,391 INFO [JavaFX Application Thread] c.e.r.j.Application [Data.java:161] [Ljava.lang.StackTraceElement;@1983e9f1
2023-01-16 15:04:53,740 INFO [JavaFX Application Thread] c.e.r.j.Application [ChangeWriter.java:71] null
java.io.EOFException: null
	at java.base/java.io.ObjectInputStream$PeekInputStream.readFully(ObjectInputStream.java:2940)
	at java.base/java.io.ObjectInputStream$BlockDataInputStream.readShort(ObjectInputStream.java:3435)
	at java.base/java.io.ObjectInputStream.readStreamHeader(ObjectInputStream.java:983)
	at java.base/java.io.ObjectInputStream.<init>(ObjectInputStream.java:414)
	at com.example.renatojava.javasemester/com.example.renatojava.javasemester.entity.ChangeWriter.read(ChangeWriter.java:64)
	at com.example.renatojava.javasemester/com.example.renatojava.javasemester.ChangesController.initialize(ChangesController.java:32)
	at java.base/jdk.internal.reflect.DirectMethodHandleAccessor.invoke(DirectMethodHandleAccessor.java:104)
	at java.base/java.lang.reflect.Method.invoke(Method.java:578)
	at com.sun.javafx.reflect.Trampoline.invoke(MethodUtil.java:77)
	at java.base/jdk.internal.reflect.DirectMethodHandleAccessor.invoke(DirectMethodHandleAccessor.java:104)
	at java.base/java.lang.reflect.Method.invoke(Method.java:578)
	at javafx.base@19-ea/com.sun.javafx.reflect.MethodUtil.invoke(MethodUtil.java:275)
	at javafx.fxml@19-ea/com.sun.javafx.fxml.MethodHelper.invoke(MethodHelper.java:84)
	at javafx.fxml@19-ea/javafx.fxml.FXMLLoader.loadImpl(FXMLLoader.java:2673)
	at javafx.fxml@19-ea/javafx.fxml.FXMLLoader.loadImpl(FXMLLoader.java:2548)
	at javafx.fxml@19-ea/javafx.fxml.FXMLLoader.loadImpl(FXMLLoader.java:3331)
	at javafx.fxml@19-ea/javafx.fxml.FXMLLoader.loadImpl(FXMLLoader.java:3287)
	at javafx.fxml@19-ea/javafx.fxml.FXMLLoader.loadImpl(FXMLLoader.java:3255)
	at javafx.fxml@19-ea/javafx.fxml.FXMLLoader.loadImpl(FXMLLoader.java:3227)
	at javafx.fxml@19-ea/javafx.fxml.FXMLLoader.loadImpl(FXMLLoader.java:3203)
	at javafx.fxml@19-ea/javafx.fxml.FXMLLoader.load(FXMLLoader.java:3196)
	at com.example.renatojava.javasemester/com.example.renatojava.javasemester.MenuBarController.showChangesScreen(MenuBarController.java:128)
	at java.base/jdk.internal.reflect.DirectMethodHandleAccessor.invoke(DirectMethodHandleAccessor.java:104)
	at java.base/java.lang.reflect.Method.invoke(Method.java:578)
	at com.sun.javafx.reflect.Trampoline.invoke(MethodUtil.java:77)
	at java.base/jdk.internal.reflect.DirectMethodHandleAccessor.invoke(DirectMethodHandleAccessor.java:104)
	at java.base/java.lang.reflect.Method.invoke(Method.java:578)
	at javafx.base@19-ea/com.sun.javafx.reflect.MethodUtil.invoke(MethodUtil.java:275)
	at javafx.fxml@19-ea/com.sun.javafx.fxml.MethodHelper.invoke(MethodHelper.java:84)
	at javafx.fxml@19-ea/javafx.fxml.FXMLLoader$MethodHandler.invoke(FXMLLoader.java:1854)
	at javafx.fxml@19-ea/javafx.fxml.FXMLLoader$ControllerMethodEventHandler.handle(FXMLLoader.java:1724)
	at javafx.base@19-ea/com.sun.javafx.event.CompositeEventHandler.dispatchBubblingEvent(CompositeEventHandler.java:86)
	at javafx.base@19-ea/com.sun.javafx.event.EventHandlerManager.dispatchBubblingEvent(EventHandlerManager.java:234)
	at javafx.base@19-ea/com.sun.javafx.event.EventHandlerManager.dispatchBubblingEvent(EventHandlerManager.java:191)
	at javafx.base@19-ea/com.sun.javafx.event.BasicEventDispatcher.dispatchEvent(BasicEventDispatcher.java:58)
	at javafx.base@19-ea/com.sun.javafx.event.EventDispatchChainImpl.dispatchEvent(EventDispatchChainImpl.java:114)
	at javafx.base@19-ea/com.sun.javafx.event.EventUtil.fireEventImpl(EventUtil.java:74)
	at javafx.base@19-ea/com.sun.javafx.event.EventUtil.fireEvent(EventUtil.java:49)
	at javafx.base@19-ea/javafx.event.Event.fireEvent(Event.java:198)
	at javafx.controls@19-ea/javafx.scene.control.MenuItem.fire(MenuItem.java:459)
	at javafx.controls@19-ea/com.sun.javafx.scene.control.ContextMenuContent$MenuItemContainer.doSelect(ContextMenuContent.java:1385)
	at javafx.controls@19-ea/com.sun.javafx.scene.control.ContextMenuContent$MenuItemContainer.lambda$createChildren$12(ContextMenuContent.java:1338)
	at javafx.base@19-ea/com.sun.javafx.event.CompositeEventHandler$NormalEventHandlerRecord.handleBubblingEvent(CompositeEventHandler.java:247)
	at javafx.base@19-ea/com.sun.javafx.event.CompositeEventHandler.dispatchBubblingEvent(CompositeEventHandler.java:80)
	at javafx.base@19-ea/com.sun.javafx.event.EventHandlerManager.dispatchBubblingEvent(EventHandlerManager.java:234)
	at javafx.base@19-ea/com.sun.javafx.event.EventHandlerManager.dispatchBubblingEvent(EventHandlerManager.java:191)
	at javafx.base@19-ea/com.sun.javafx.event.CompositeEventDispatcher.dispatchBubblingEvent(CompositeEventDispatcher.java:59)
	at javafx.base@19-ea/com.sun.javafx.event.BasicEventDispatcher.dispatchEvent(BasicEventDispatcher.java:58)
	at javafx.base@19-ea/com.sun.javafx.event.EventDispatchChainImpl.dispatchEvent(EventDispatchChainImpl.java:114)
	at javafx.base@19-ea/com.sun.javafx.event.BasicEventDispatcher.dispatchEvent(BasicEventDispatcher.java:56)
	at javafx.base@19-ea/com.sun.javafx.event.EventDispatchChainImpl.dispatchEvent(EventDispatchChainImpl.java:114)
	at javafx.base@19-ea/com.sun.javafx.event.BasicEventDispatcher.dispatchEvent(BasicEventDispatcher.java:56)
	at javafx.base@19-ea/com.sun.javafx.event.EventDispatchChainImpl.dispatchEvent(EventDispatchChainImpl.java:114)
	at javafx.base@19-ea/com.sun.javafx.event.BasicEventDispatcher.dispatchEvent(BasicEventDispatcher.java:56)
	at javafx.base@19-ea/com.sun.javafx.event.EventDispatchChainImpl.dispatchEvent(EventDispatchChainImpl.java:114)
	at javafx.base@19-ea/com.sun.javafx.event.EventUtil.fireEventImpl(EventUtil.java:74)
	at javafx.base@19-ea/com.sun.javafx.event.EventUtil.fireEvent(EventUtil.java:54)
	at javafx.base@19-ea/javafx.event.Event.fireEvent(Event.java:198)
	at javafx.graphics@19-ea/javafx.scene.Scene$MouseHandler.process(Scene.java:3881)
	at javafx.graphics@19-ea/javafx.scene.Scene.processMouseEvent(Scene.java:1874)
	at javafx.graphics@19-ea/javafx.scene.Scene$ScenePeerListener.mouseEvent(Scene.java:2607)
	at javafx.graphics@19-ea/com.sun.javafx.tk.quantum.GlassViewEventHandler$MouseEventNotification.run(GlassViewEventHandler.java:411)
	at javafx.graphics@19-ea/com.sun.javafx.tk.quantum.GlassViewEventHandler$MouseEventNotification.run(GlassViewEventHandler.java:301)
	at java.base/java.security.AccessController.doPrivileged(AccessController.java:399)
	at javafx.graphics@19-ea/com.sun.javafx.tk.quantum.GlassViewEventHandler.lambda$handleMouseEvent$2(GlassViewEventHandler.java:450)
	at javafx.graphics@19-ea/com.sun.javafx.tk.quantum.QuantumToolkit.runWithoutRenderLock(QuantumToolkit.java:424)
	at javafx.graphics@19-ea/com.sun.javafx.tk.quantum.GlassViewEventHandler.handleMouseEvent(GlassViewEventHandler.java:449)
	at javafx.graphics@19-ea/com.sun.glass.ui.View.handleMouseEvent(View.java:551)
	at javafx.graphics@19-ea/com.sun.glass.ui.View.notifyMouse(View.java:937)
	at javafx.graphics@19-ea/com.sun.glass.ui.win.WinApplication._runLoop(Native Method)
	at javafx.graphics@19-ea/com.sun.glass.ui.win.WinApplication.lambda$runLoop$3(WinApplication.java:184)
	at java.base/java.lang.Thread.run(Thread.java:1589)
2023-01-16 15:05:04,615 INFO [JavaFX Application Thread] c.e.r.j.Application [ChangeWriter.java:71] null
java.io.EOFException: null
	at java.base/java.io.ObjectInputStream$PeekInputStream.readFully(ObjectInputStream.java:2940)
	at java.base/java.io.ObjectInputStream$BlockDataInputStream.readShort(ObjectInputStream.java:3435)
	at java.base/java.io.ObjectInputStream.readStreamHeader(ObjectInputStream.java:983)
	at java.base/java.io.ObjectInputStream.<init>(ObjectInputStream.java:414)
	at com.example.renatojava.javasemester/com.example.renatojava.javasemester.entity.ChangeWriter.read(ChangeWriter.java:64)
	at com.example.renatojava.javasemester/com.example.renatojava.javasemester.ChangesController.initialize(ChangesController.java:32)
	at java.base/jdk.internal.reflect.DirectMethodHandleAccessor.invoke(DirectMethodHandleAccessor.java:104)
	at java.base/java.lang.reflect.Method.invoke(Method.java:578)
	at com.sun.javafx.reflect.Trampoline.invoke(MethodUtil.java:77)
	at java.base/jdk.internal.reflect.DirectMethodHandleAccessor.invoke(DirectMethodHandleAccessor.java:104)
	at java.base/java.lang.reflect.Method.invoke(Method.java:578)
	at javafx.base@19-ea/com.sun.javafx.reflect.MethodUtil.invoke(MethodUtil.java:275)
	at javafx.fxml@19-ea/com.sun.javafx.fxml.MethodHelper.invoke(MethodHelper.java:84)
	at javafx.fxml@19-ea/javafx.fxml.FXMLLoader.loadImpl(FXMLLoader.java:2673)
	at javafx.fxml@19-ea/javafx.fxml.FXMLLoader.loadImpl(FXMLLoader.java:2548)
	at javafx.fxml@19-ea/javafx.fxml.FXMLLoader.loadImpl(FXMLLoader.java:3331)
	at javafx.fxml@19-ea/javafx.fxml.FXMLLoader.loadImpl(FXMLLoader.java:3287)
	at javafx.fxml@19-ea/javafx.fxml.FXMLLoader.loadImpl(FXMLLoader.java:3255)
	at javafx.fxml@19-ea/javafx.fxml.FXMLLoader.loadImpl(FXMLLoader.java:3227)
	at javafx.fxml@19-ea/javafx.fxml.FXMLLoader.loadImpl(FXMLLoader.java:3203)
	at javafx.fxml@19-ea/javafx.fxml.FXMLLoader.load(FXMLLoader.java:3196)
	at com.example.renatojava.javasemester/com.example.renatojava.javasemester.MenuBarController.showChangesScreen(MenuBarController.java:128)
	at java.base/jdk.internal.reflect.DirectMethodHandleAccessor.invoke(DirectMethodHandleAccessor.java:104)
	at java.base/java.lang.reflect.Method.invoke(Method.java:578)
	at com.sun.javafx.reflect.Trampoline.invoke(MethodUtil.java:77)
	at java.base/jdk.internal.reflect.DirectMethodHandleAccessor.invoke(DirectMethodHandleAccessor.java:104)
	at java.base/java.lang.reflect.Method.invoke(Method.java:578)
	at javafx.base@19-ea/com.sun.javafx.reflect.MethodUtil.invoke(MethodUtil.java:275)
	at javafx.fxml@19-ea/com.sun.javafx.fxml.MethodHelper.invoke(MethodHelper.java:84)
	at javafx.fxml@19-ea/javafx.fxml.FXMLLoader$MethodHandler.invoke(FXMLLoader.java:1854)
	at javafx.fxml@19-ea/javafx.fxml.FXMLLoader$ControllerMethodEventHandler.handle(FXMLLoader.java:1724)
	at javafx.base@19-ea/com.sun.javafx.event.CompositeEventHandler.dispatchBubblingEvent(CompositeEventHandler.java:86)
	at javafx.base@19-ea/com.sun.javafx.event.EventHandlerManager.dispatchBubblingEvent(EventHandlerManager.java:234)
	at javafx.base@19-ea/com.sun.javafx.event.EventHandlerManager.dispatchBubblingEvent(EventHandlerManager.java:191)
	at javafx.base@19-ea/com.sun.javafx.event.BasicEventDispatcher.dispatchEvent(BasicEventDispatcher.java:58)
	at javafx.base@19-ea/com.sun.javafx.event.EventDispatchChainImpl.dispatchEvent(EventDispatchChainImpl.java:114)
	at javafx.base@19-ea/com.sun.javafx.event.EventUtil.fireEventImpl(EventUtil.java:74)
	at javafx.base@19-ea/com.sun.javafx.event.EventUtil.fireEvent(EventUtil.java:49)
	at javafx.base@19-ea/javafx.event.Event.fireEvent(Event.java:198)
	at javafx.controls@19-ea/javafx.scene.control.MenuItem.fire(MenuItem.java:459)
	at javafx.controls@19-ea/com.sun.javafx.scene.control.ContextMenuContent$MenuItemContainer.doSelect(ContextMenuContent.java:1385)
	at javafx.controls@19-ea/com.sun.javafx.scene.control.ContextMenuContent$MenuItemContainer.lambda$createChildren$12(ContextMenuContent.java:1338)
	at javafx.base@19-ea/com.sun.javafx.event.CompositeEventHandler$NormalEventHandlerRecord.handleBubblingEvent(CompositeEventHandler.java:247)
	at javafx.base@19-ea/com.sun.javafx.event.CompositeEventHandler.dispatchBubblingEvent(CompositeEventHandler.java:80)
	at javafx.base@19-ea/com.sun.javafx.event.EventHandlerManager.dispatchBubblingEvent(EventHandlerManager.java:234)
	at javafx.base@19-ea/com.sun.javafx.event.EventHandlerManager.dispatchBubblingEvent(EventHandlerManager.java:191)
	at javafx.base@19-ea/com.sun.javafx.event.CompositeEventDispatcher.dispatchBubblingEvent(CompositeEventDispatcher.java:59)
	at javafx.base@19-ea/com.sun.javafx.event.BasicEventDispatcher.dispatchEvent(BasicEventDispatcher.java:58)
	at javafx.base@19-ea/com.sun.javafx.event.EventDispatchChainImpl.dispatchEvent(EventDispatchChainImpl.java:114)
	at javafx.base@19-ea/com.sun.javafx.event.BasicEventDispatcher.dispatchEvent(BasicEventDispatcher.java:56)
	at javafx.base@19-ea/com.sun.javafx.event.EventDispatchChainImpl.dispatchEvent(EventDispatchChainImpl.java:114)
	at javafx.base@19-ea/com.sun.javafx.event.BasicEventDispatcher.dispatchEvent(BasicEventDispatcher.java:56)
	at javafx.base@19-ea/com.sun.javafx.event.EventDispatchChainImpl.dispatchEvent(EventDispatchChainImpl.java:114)
	at javafx.base@19-ea/com.sun.javafx.event.BasicEventDispatcher.dispatchEvent(BasicEventDispatcher.java:56)
	at javafx.base@19-ea/com.sun.javafx.event.EventDispatchChainImpl.dispatchEvent(EventDispatchChainImpl.java:114)
	at javafx.base@19-ea/com.sun.javafx.event.EventUtil.fireEventImpl(EventUtil.java:74)
	at javafx.base@19-ea/com.sun.javafx.event.EventUtil.fireEvent(EventUtil.java:54)
	at javafx.base@19-ea/javafx.event.Event.fireEvent(Event.java:198)
	at javafx.graphics@19-ea/javafx.scene.Scene$MouseHandler.process(Scene.java:3881)
	at javafx.graphics@19-ea/javafx.scene.Scene.processMouseEvent(Scene.java:1874)
	at javafx.graphics@19-ea/javafx.scene.Scene$ScenePeerListener.mouseEvent(Scene.java:2607)
	at javafx.graphics@19-ea/com.sun.javafx.tk.quantum.GlassViewEventHandler$MouseEventNotification.run(GlassViewEventHandler.java:411)
	at javafx.graphics@19-ea/com.sun.javafx.tk.quantum.GlassViewEventHandler$MouseEventNotification.run(GlassViewEventHandler.java:301)
	at java.base/java.security.AccessController.doPrivileged(AccessController.java:399)
	at javafx.graphics@19-ea/com.sun.javafx.tk.quantum.GlassViewEventHandler.lambda$handleMouseEvent$2(GlassViewEventHandler.java:450)
	at javafx.graphics@19-ea/com.sun.javafx.tk.quantum.QuantumToolkit.runWithoutRenderLock(QuantumToolkit.java:424)
	at javafx.graphics@19-ea/com.sun.javafx.tk.quantum.GlassViewEventHandler.handleMouseEvent(GlassViewEventHandler.java:449)
	at javafx.graphics@19-ea/com.sun.glass.ui.View.handleMouseEvent(View.java:551)
	at javafx.graphics@19-ea/com.sun.glass.ui.View.notifyMouse(View.java:937)
	at javafx.graphics@19-ea/com.sun.glass.ui.win.WinApplication._runLoop(Native Method)
	at javafx.graphics@19-ea/com.sun.glass.ui.win.WinApplication.lambda$runLoop$3(WinApplication.java:184)
	at java.base/java.lang.Thread.run(Thread.java:1589)
2023-01-16 15:06:47,952 INFO [JavaFX Application Thread] c.e.r.j.Application [ChangeWriter.java:71] null
java.io.EOFException: null
	at java.base/java.io.ObjectInputStream$PeekInputStream.readFully(ObjectInputStream.java:2940)
	at java.base/java.io.ObjectInputStream$BlockDataInputStream.readShort(ObjectInputStream.java:3435)
	at java.base/java.io.ObjectInputStream.readStreamHeader(ObjectInputStream.java:983)
	at java.base/java.io.ObjectInputStream.<init>(ObjectInputStream.java:414)
	at com.example.renatojava.javasemester/com.example.renatojava.javasemester.entity.ChangeWriter.read(ChangeWriter.java:64)
	at com.example.renatojava.javasemester/com.example.renatojava.javasemester.ChangesController.initialize(ChangesController.java:32)
	at java.base/jdk.internal.reflect.DirectMethodHandleAccessor.invoke(DirectMethodHandleAccessor.java:104)
	at java.base/java.lang.reflect.Method.invoke(Method.java:578)
	at com.sun.javafx.reflect.Trampoline.invoke(MethodUtil.java:77)
	at java.base/jdk.internal.reflect.DirectMethodHandleAccessor.invoke(DirectMethodHandleAccessor.java:104)
	at java.base/java.lang.reflect.Method.invoke(Method.java:578)
	at javafx.base@19-ea/com.sun.javafx.reflect.MethodUtil.invoke(MethodUtil.java:275)
	at javafx.fxml@19-ea/com.sun.javafx.fxml.MethodHelper.invoke(MethodHelper.java:84)
	at javafx.fxml@19-ea/javafx.fxml.FXMLLoader.loadImpl(FXMLLoader.java:2673)
	at javafx.fxml@19-ea/javafx.fxml.FXMLLoader.loadImpl(FXMLLoader.java:2548)
	at javafx.fxml@19-ea/javafx.fxml.FXMLLoader.loadImpl(FXMLLoader.java:3331)
	at javafx.fxml@19-ea/javafx.fxml.FXMLLoader.loadImpl(FXMLLoader.java:3287)
	at javafx.fxml@19-ea/javafx.fxml.FXMLLoader.loadImpl(FXMLLoader.java:3255)
	at javafx.fxml@19-ea/javafx.fxml.FXMLLoader.loadImpl(FXMLLoader.java:3227)
	at javafx.fxml@19-ea/javafx.fxml.FXMLLoader.loadImpl(FXMLLoader.java:3203)
	at javafx.fxml@19-ea/javafx.fxml.FXMLLoader.load(FXMLLoader.java:3196)
	at com.example.renatojava.javasemester/com.example.renatojava.javasemester.MenuBarController.showChangesScreen(MenuBarController.java:128)
	at java.base/jdk.internal.reflect.DirectMethodHandleAccessor.invoke(DirectMethodHandleAccessor.java:104)
	at java.base/java.lang.reflect.Method.invoke(Method.java:578)
	at com.sun.javafx.reflect.Trampoline.invoke(MethodUtil.java:77)
	at java.base/jdk.internal.reflect.DirectMethodHandleAccessor.invoke(DirectMethodHandleAccessor.java:104)
	at java.base/java.lang.reflect.Method.invoke(Method.java:578)
	at javafx.base@19-ea/com.sun.javafx.reflect.MethodUtil.invoke(MethodUtil.java:275)
	at javafx.fxml@19-ea/com.sun.javafx.fxml.MethodHelper.invoke(MethodHelper.java:84)
	at javafx.fxml@19-ea/javafx.fxml.FXMLLoader$MethodHandler.invoke(FXMLLoader.java:1854)
	at javafx.fxml@19-ea/javafx.fxml.FXMLLoader$ControllerMethodEventHandler.handle(FXMLLoader.java:1724)
	at javafx.base@19-ea/com.sun.javafx.event.CompositeEventHandler.dispatchBubblingEvent(CompositeEventHandler.java:86)
	at javafx.base@19-ea/com.sun.javafx.event.EventHandlerManager.dispatchBubblingEvent(EventHandlerManager.java:234)
	at javafx.base@19-ea/com.sun.javafx.event.EventHandlerManager.dispatchBubblingEvent(EventHandlerManager.java:191)
	at javafx.base@19-ea/com.sun.javafx.event.BasicEventDispatcher.dispatchEvent(BasicEventDispatcher.java:58)
	at javafx.base@19-ea/com.sun.javafx.event.EventDispatchChainImpl.dispatchEvent(EventDispatchChainImpl.java:114)
	at javafx.base@19-ea/com.sun.javafx.event.EventUtil.fireEventImpl(EventUtil.java:74)
	at javafx.base@19-ea/com.sun.javafx.event.EventUtil.fireEvent(EventUtil.java:49)
	at javafx.base@19-ea/javafx.event.Event.fireEvent(Event.java:198)
	at javafx.controls@19-ea/javafx.scene.control.MenuItem.fire(MenuItem.java:459)
	at javafx.controls@19-ea/com.sun.javafx.scene.control.ContextMenuContent$MenuItemContainer.doSelect(ContextMenuContent.java:1385)
	at javafx.controls@19-ea/com.sun.javafx.scene.control.ContextMenuContent$MenuItemContainer.lambda$createChildren$12(ContextMenuContent.java:1338)
	at javafx.base@19-ea/com.sun.javafx.event.CompositeEventHandler$NormalEventHandlerRecord.handleBubblingEvent(CompositeEventHandler.java:247)
	at javafx.base@19-ea/com.sun.javafx.event.CompositeEventHandler.dispatchBubblingEvent(CompositeEventHandler.java:80)
	at javafx.base@19-ea/com.sun.javafx.event.EventHandlerManager.dispatchBubblingEvent(EventHandlerManager.java:234)
	at javafx.base@19-ea/com.sun.javafx.event.EventHandlerManager.dispatchBubblingEvent(EventHandlerManager.java:191)
	at javafx.base@19-ea/com.sun.javafx.event.CompositeEventDispatcher.dispatchBubblingEvent(CompositeEventDispatcher.java:59)
	at javafx.base@19-ea/com.sun.javafx.event.BasicEventDispatcher.dispatchEvent(BasicEventDispatcher.java:58)
	at javafx.base@19-ea/com.sun.javafx.event.EventDispatchChainImpl.dispatchEvent(EventDispatchChainImpl.java:114)
	at javafx.base@19-ea/com.sun.javafx.event.BasicEventDispatcher.dispatchEvent(BasicEventDispatcher.java:56)
	at javafx.base@19-ea/com.sun.javafx.event.EventDispatchChainImpl.dispatchEvent(EventDispatchChainImpl.java:114)
	at javafx.base@19-ea/com.sun.javafx.event.BasicEventDispatcher.dispatchEvent(BasicEventDispatcher.java:56)
	at javafx.base@19-ea/com.sun.javafx.event.EventDispatchChainImpl.dispatchEvent(EventDispatchChainImpl.java:114)
	at javafx.base@19-ea/com.sun.javafx.event.BasicEventDispatcher.dispatchEvent(BasicEventDispatcher.java:56)
	at javafx.base@19-ea/com.sun.javafx.event.EventDispatchChainImpl.dispatchEvent(EventDispatchChainImpl.java:114)
	at javafx.base@19-ea/com.sun.javafx.event.EventUtil.fireEventImpl(EventUtil.java:74)
	at javafx.base@19-ea/com.sun.javafx.event.EventUtil.fireEvent(EventUtil.java:54)
	at javafx.base@19-ea/javafx.event.Event.fireEvent(Event.java:198)
	at javafx.graphics@19-ea/javafx.scene.Scene$MouseHandler.process(Scene.java:3881)
	at javafx.graphics@19-ea/javafx.scene.Scene.processMouseEvent(Scene.java:1874)
	at javafx.graphics@19-ea/javafx.scene.Scene$ScenePeerListener.mouseEvent(Scene.java:2607)
	at javafx.graphics@19-ea/com.sun.javafx.tk.quantum.GlassViewEventHandler$MouseEventNotification.run(GlassViewEventHandler.java:411)
	at javafx.graphics@19-ea/com.sun.javafx.tk.quantum.GlassViewEventHandler$MouseEventNotification.run(GlassViewEventHandler.java:301)
	at java.base/java.security.AccessController.doPrivileged(AccessController.java:399)
	at javafx.graphics@19-ea/com.sun.javafx.tk.quantum.GlassViewEventHandler.lambda$handleMouseEvent$2(GlassViewEventHandler.java:450)
	at javafx.graphics@19-ea/com.sun.javafx.tk.quantum.QuantumToolkit.runWithoutRenderLock(QuantumToolkit.java:424)
	at javafx.graphics@19-ea/com.sun.javafx.tk.quantum.GlassViewEventHandler.handleMouseEvent(GlassViewEventHandler.java:449)
	at javafx.graphics@19-ea/com.sun.glass.ui.View.handleMouseEvent(View.java:551)
	at javafx.graphics@19-ea/com.sun.glass.ui.View.notifyMouse(View.java:937)
	at javafx.graphics@19-ea/com.sun.glass.ui.win.WinApplication._runLoop(Native Method)
	at javafx.graphics@19-ea/com.sun.glass.ui.win.WinApplication.lambda$runLoop$3(WinApplication.java:184)
	at java.base/java.lang.Thread.run(Thread.java:1589)
2023-01-16 15:41:59,283 INFO [JavaFX Application Thread] c.e.r.j.Application [ChangeWriter.java:71] null
java.io.EOFException: null
	at java.base/java.io.ObjectInputStream$PeekInputStream.readFully(ObjectInputStream.java:2940)
	at java.base/java.io.ObjectInputStream$BlockDataInputStream.readShort(ObjectInputStream.java:3435)
	at java.base/java.io.ObjectInputStream.readStreamHeader(ObjectInputStream.java:983)
	at java.base/java.io.ObjectInputStream.<init>(ObjectInputStream.java:414)
	at com.example.renatojava.javasemester/com.example.renatojava.javasemester.entity.ChangeWriter.read(ChangeWriter.java:64)
	at com.example.renatojava.javasemester/com.example.renatojava.javasemester.entity.ChangeWriter.addChange(ChangeWriter.java:25)
	at com.example.renatojava.javasemester/com.example.renatojava.javasemester.entity.Data.updatePatient(Data.java:162)
	at com.example.renatojava.javasemester/com.example.renatojava.javasemester.AllPatientsScreenController.editPatient(AllPatientsScreenController.java:123)
	at java.base/jdk.internal.reflect.DirectMethodHandleAccessor.invoke(DirectMethodHandleAccessor.java:104)
	at java.base/java.lang.reflect.Method.invoke(Method.java:578)
	at com.sun.javafx.reflect.Trampoline.invoke(MethodUtil.java:77)
	at java.base/jdk.internal.reflect.DirectMethodHandleAccessor.invoke(DirectMethodHandleAccessor.java:104)
	at java.base/java.lang.reflect.Method.invoke(Method.java:578)
	at javafx.base@19-ea/com.sun.javafx.reflect.MethodUtil.invoke(MethodUtil.java:275)
	at javafx.fxml@19-ea/com.sun.javafx.fxml.MethodHelper.invoke(MethodHelper.java:84)
	at javafx.fxml@19-ea/javafx.fxml.FXMLLoader$MethodHandler.invoke(FXMLLoader.java:1854)
	at javafx.fxml@19-ea/javafx.fxml.FXMLLoader$ControllerMethodEventHandler.handle(FXMLLoader.java:1724)
	at javafx.base@19-ea/com.sun.javafx.event.CompositeEventHandler.dispatchBubblingEvent(CompositeEventHandler.java:86)
	at javafx.base@19-ea/com.sun.javafx.event.EventHandlerManager.dispatchBubblingEvent(EventHandlerManager.java:234)
	at javafx.base@19-ea/com.sun.javafx.event.EventHandlerManager.dispatchBubblingEvent(EventHandlerManager.java:191)
	at javafx.base@19-ea/com.sun.javafx.event.CompositeEventDispatcher.dispatchBubblingEvent(CompositeEventDispatcher.java:59)
	at javafx.base@19-ea/com.sun.javafx.event.BasicEventDispatcher.dispatchEvent(BasicEventDispatcher.java:58)
	at javafx.base@19-ea/com.sun.javafx.event.EventDispatchChainImpl.dispatchEvent(EventDispatchChainImpl.java:114)
	at javafx.base@19-ea/com.sun.javafx.event.BasicEventDispatcher.dispatchEvent(BasicEventDispatcher.java:56)
	at javafx.base@19-ea/com.sun.javafx.event.EventDispatchChainImpl.dispatchEvent(EventDispatchChainImpl.java:114)
	at javafx.base@19-ea/com.sun.javafx.event.BasicEventDispatcher.dispatchEvent(BasicEventDispatcher.java:56)
	at javafx.base@19-ea/com.sun.javafx.event.EventDispatchChainImpl.dispatchEvent(EventDispatchChainImpl.java:114)
	at javafx.base@19-ea/com.sun.javafx.event.EventUtil.fireEventImpl(EventUtil.java:74)
	at javafx.base@19-ea/com.sun.javafx.event.EventUtil.fireEvent(EventUtil.java:49)
	at javafx.base@19-ea/javafx.event.Event.fireEvent(Event.java:198)
	at javafx.graphics@19-ea/javafx.scene.Node.fireEvent(Node.java:8797)
	at javafx.controls@19-ea/javafx.scene.control.Button.fire(Button.java:203)
	at javafx.controls@19-ea/com.sun.javafx.scene.control.behavior.ButtonBehavior.mouseReleased(ButtonBehavior.java:208)
	at javafx.controls@19-ea/com.sun.javafx.scene.control.inputmap.InputMap.handle(InputMap.java:274)
	at javafx.base@19-ea/com.sun.javafx.event.CompositeEventHandler$NormalEventHandlerRecord.handleBubblingEvent(CompositeEventHandler.java:247)
	at javafx.base@19-ea/com.sun.javafx.event.CompositeEventHandler.dispatchBubblingEvent(CompositeEventHandler.java:80)
	at javafx.base@19-ea/com.sun.javafx.event.EventHandlerManager.dispatchBubblingEvent(EventHandlerManager.java:234)
	at javafx.base@19-ea/com.sun.javafx.event.EventHandlerManager.dispatchBubblingEvent(EventHandlerManager.java:191)
	at javafx.base@19-ea/com.sun.javafx.event.CompositeEventDispatcher.dispatchBubblingEvent(CompositeEventDispatcher.java:59)
	at javafx.base@19-ea/com.sun.javafx.event.BasicEventDispatcher.dispatchEvent(BasicEventDispatcher.java:58)
	at javafx.base@19-ea/com.sun.javafx.event.EventDispatchChainImpl.dispatchEvent(EventDispatchChainImpl.java:114)
	at javafx.base@19-ea/com.sun.javafx.event.BasicEventDispatcher.dispatchEvent(BasicEventDispatcher.java:56)
	at javafx.base@19-ea/com.sun.javafx.event.EventDispatchChainImpl.dispatchEvent(EventDispatchChainImpl.java:114)
	at javafx.base@19-ea/com.sun.javafx.event.BasicEventDispatcher.dispatchEvent(BasicEventDispatcher.java:56)
	at javafx.base@19-ea/com.sun.javafx.event.EventDispatchChainImpl.dispatchEvent(EventDispatchChainImpl.java:114)
	at javafx.base@19-ea/com.sun.javafx.event.EventUtil.fireEventImpl(EventUtil.java:74)
	at javafx.base@19-ea/com.sun.javafx.event.EventUtil.fireEvent(EventUtil.java:54)
	at javafx.base@19-ea/javafx.event.Event.fireEvent(Event.java:198)
	at javafx.graphics@19-ea/javafx.scene.Scene$MouseHandler.process(Scene.java:3881)
	at javafx.graphics@19-ea/javafx.scene.Scene.processMouseEvent(Scene.java:1874)
	at javafx.graphics@19-ea/javafx.scene.Scene$ScenePeerListener.mouseEvent(Scene.java:2607)
	at javafx.graphics@19-ea/com.sun.javafx.tk.quantum.GlassViewEventHandler$MouseEventNotification.run(GlassViewEventHandler.java:411)
	at javafx.graphics@19-ea/com.sun.javafx.tk.quantum.GlassViewEventHandler$MouseEventNotification.run(GlassViewEventHandler.java:301)
	at java.base/java.security.AccessController.doPrivileged(AccessController.java:399)
	at javafx.graphics@19-ea/com.sun.javafx.tk.quantum.GlassViewEventHandler.lambda$handleMouseEvent$2(GlassViewEventHandler.java:450)
	at javafx.graphics@19-ea/com.sun.javafx.tk.quantum.QuantumToolkit.runWithoutRenderLock(QuantumToolkit.java:424)
	at javafx.graphics@19-ea/com.sun.javafx.tk.quantum.GlassViewEventHandler.handleMouseEvent(GlassViewEventHandler.java:449)
	at javafx.graphics@19-ea/com.sun.glass.ui.View.handleMouseEvent(View.java:551)
	at javafx.graphics@19-ea/com.sun.glass.ui.View.notifyMouse(View.java:937)
	at javafx.graphics@19-ea/com.sun.glass.ui.win.WinApplication._runLoop(Native Method)
	at javafx.graphics@19-ea/com.sun.glass.ui.win.WinApplication.lambda$runLoop$3(WinApplication.java:184)
	at java.base/java.lang.Thread.run(Thread.java:1589)
2023-01-16 15:41:59,297 INFO [JavaFX Application Thread] c.e.r.j.Application [ChangeWriter.java:56] Stream closed
2023-01-16 15:42:06,682 INFO [JavaFX Application Thread] c.e.r.j.Application [ChangeWriter.java:71] null
java.io.EOFException: null
	at java.base/java.io.ObjectInputStream$BlockDataInputStream.peekByte(ObjectInputStream.java:3239)
	at java.base/java.io.ObjectInputStream.readObject0(ObjectInputStream.java:1711)
	at java.base/java.io.ObjectInputStream.readObject(ObjectInputStream.java:538)
	at java.base/java.io.ObjectInputStream.readObject(ObjectInputStream.java:496)
	at com.example.renatojava.javasemester/com.example.renatojava.javasemester.entity.ChangeWriter.read(ChangeWriter.java:66)
	at com.example.renatojava.javasemester/com.example.renatojava.javasemester.ChangesController.initialize(ChangesController.java:32)
	at java.base/jdk.internal.reflect.DirectMethodHandleAccessor.invoke(DirectMethodHandleAccessor.java:104)
	at java.base/java.lang.reflect.Method.invoke(Method.java:578)
	at com.sun.javafx.reflect.Trampoline.invoke(MethodUtil.java:77)
	at java.base/jdk.internal.reflect.DirectMethodHandleAccessor.invoke(DirectMethodHandleAccessor.java:104)
	at java.base/java.lang.reflect.Method.invoke(Method.java:578)
	at javafx.base@19-ea/com.sun.javafx.reflect.MethodUtil.invoke(MethodUtil.java:275)
	at javafx.fxml@19-ea/com.sun.javafx.fxml.MethodHelper.invoke(MethodHelper.java:84)
	at javafx.fxml@19-ea/javafx.fxml.FXMLLoader.loadImpl(FXMLLoader.java:2673)
	at javafx.fxml@19-ea/javafx.fxml.FXMLLoader.loadImpl(FXMLLoader.java:2548)
	at javafx.fxml@19-ea/javafx.fxml.FXMLLoader.loadImpl(FXMLLoader.java:3331)
	at javafx.fxml@19-ea/javafx.fxml.FXMLLoader.loadImpl(FXMLLoader.java:3287)
	at javafx.fxml@19-ea/javafx.fxml.FXMLLoader.loadImpl(FXMLLoader.java:3255)
	at javafx.fxml@19-ea/javafx.fxml.FXMLLoader.loadImpl(FXMLLoader.java:3227)
	at javafx.fxml@19-ea/javafx.fxml.FXMLLoader.loadImpl(FXMLLoader.java:3203)
	at javafx.fxml@19-ea/javafx.fxml.FXMLLoader.load(FXMLLoader.java:3196)
	at com.example.renatojava.javasemester/com.example.renatojava.javasemester.MenuBarController.showChangesScreen(MenuBarController.java:128)
	at java.base/jdk.internal.reflect.DirectMethodHandleAccessor.invoke(DirectMethodHandleAccessor.java:104)
	at java.base/java.lang.reflect.Method.invoke(Method.java:578)
	at com.sun.javafx.reflect.Trampoline.invoke(MethodUtil.java:77)
	at java.base/jdk.internal.reflect.DirectMethodHandleAccessor.invoke(DirectMethodHandleAccessor.java:104)
	at java.base/java.lang.reflect.Method.invoke(Method.java:578)
	at javafx.base@19-ea/com.sun.javafx.reflect.MethodUtil.invoke(MethodUtil.java:275)
	at javafx.fxml@19-ea/com.sun.javafx.fxml.MethodHelper.invoke(MethodHelper.java:84)
	at javafx.fxml@19-ea/javafx.fxml.FXMLLoader$MethodHandler.invoke(FXMLLoader.java:1854)
	at javafx.fxml@19-ea/javafx.fxml.FXMLLoader$ControllerMethodEventHandler.handle(FXMLLoader.java:1724)
	at javafx.base@19-ea/com.sun.javafx.event.CompositeEventHandler.dispatchBubblingEvent(CompositeEventHandler.java:86)
	at javafx.base@19-ea/com.sun.javafx.event.EventHandlerManager.dispatchBubblingEvent(EventHandlerManager.java:234)
	at javafx.base@19-ea/com.sun.javafx.event.EventHandlerManager.dispatchBubblingEvent(EventHandlerManager.java:191)
	at javafx.base@19-ea/com.sun.javafx.event.BasicEventDispatcher.dispatchEvent(BasicEventDispatcher.java:58)
	at javafx.base@19-ea/com.sun.javafx.event.EventDispatchChainImpl.dispatchEvent(EventDispatchChainImpl.java:114)
	at javafx.base@19-ea/com.sun.javafx.event.EventUtil.fireEventImpl(EventUtil.java:74)
	at javafx.base@19-ea/com.sun.javafx.event.EventUtil.fireEvent(EventUtil.java:49)
	at javafx.base@19-ea/javafx.event.Event.fireEvent(Event.java:198)
	at javafx.controls@19-ea/javafx.scene.control.MenuItem.fire(MenuItem.java:459)
	at javafx.controls@19-ea/com.sun.javafx.scene.control.ContextMenuContent$MenuItemContainer.doSelect(ContextMenuContent.java:1385)
	at javafx.controls@19-ea/com.sun.javafx.scene.control.ContextMenuContent$MenuItemContainer.lambda$createChildren$12(ContextMenuContent.java:1338)
	at javafx.base@19-ea/com.sun.javafx.event.CompositeEventHandler$NormalEventHandlerRecord.handleBubblingEvent(CompositeEventHandler.java:247)
	at javafx.base@19-ea/com.sun.javafx.event.CompositeEventHandler.dispatchBubblingEvent(CompositeEventHandler.java:80)
	at javafx.base@19-ea/com.sun.javafx.event.EventHandlerManager.dispatchBubblingEvent(EventHandlerManager.java:234)
	at javafx.base@19-ea/com.sun.javafx.event.EventHandlerManager.dispatchBubblingEvent(EventHandlerManager.java:191)
	at javafx.base@19-ea/com.sun.javafx.event.CompositeEventDispatcher.dispatchBubblingEvent(CompositeEventDispatcher.java:59)
	at javafx.base@19-ea/com.sun.javafx.event.BasicEventDispatcher.dispatchEvent(BasicEventDispatcher.java:58)
	at javafx.base@19-ea/com.sun.javafx.event.EventDispatchChainImpl.dispatchEvent(EventDispatchChainImpl.java:114)
	at javafx.base@19-ea/com.sun.javafx.event.BasicEventDispatcher.dispatchEvent(BasicEventDispatcher.java:56)
	at javafx.base@19-ea/com.sun.javafx.event.EventDispatchChainImpl.dispatchEvent(EventDispatchChainImpl.java:114)
	at javafx.base@19-ea/com.sun.javafx.event.BasicEventDispatcher.dispatchEvent(BasicEventDispatcher.java:56)
	at javafx.base@19-ea/com.sun.javafx.event.EventDispatchChainImpl.dispatchEvent(EventDispatchChainImpl.java:114)
	at javafx.base@19-ea/com.sun.javafx.event.BasicEventDispatcher.dispatchEvent(BasicEventDispatcher.java:56)
	at javafx.base@19-ea/com.sun.javafx.event.EventDispatchChainImpl.dispatchEvent(EventDispatchChainImpl.java:114)
	at javafx.base@19-ea/com.sun.javafx.event.EventUtil.fireEventImpl(EventUtil.java:74)
	at javafx.base@19-ea/com.sun.javafx.event.EventUtil.fireEvent(EventUtil.java:54)
	at javafx.base@19-ea/javafx.event.Event.fireEvent(Event.java:198)
	at javafx.graphics@19-ea/javafx.scene.Scene$MouseHandler.process(Scene.java:3881)
	at javafx.graphics@19-ea/javafx.scene.Scene.processMouseEvent(Scene.java:1874)
	at javafx.graphics@19-ea/javafx.scene.Scene$ScenePeerListener.mouseEvent(Scene.java:2607)
	at javafx.graphics@19-ea/com.sun.javafx.tk.quantum.GlassViewEventHandler$MouseEventNotification.run(GlassViewEventHandler.java:411)
	at javafx.graphics@19-ea/com.sun.javafx.tk.quantum.GlassViewEventHandler$MouseEventNotification.run(GlassViewEventHandler.java:301)
	at java.base/java.security.AccessController.doPrivileged(AccessController.java:399)
	at javafx.graphics@19-ea/com.sun.javafx.tk.quantum.GlassViewEventHandler.lambda$handleMouseEvent$2(GlassViewEventHandler.java:450)
	at javafx.graphics@19-ea/com.sun.javafx.tk.quantum.QuantumToolkit.runWithoutRenderLock(QuantumToolkit.java:424)
	at javafx.graphics@19-ea/com.sun.javafx.tk.quantum.GlassViewEventHandler.handleMouseEvent(GlassViewEventHandler.java:449)
	at javafx.graphics@19-ea/com.sun.glass.ui.View.handleMouseEvent(View.java:551)
	at javafx.graphics@19-ea/com.sun.glass.ui.View.notifyMouse(View.java:937)
	at javafx.graphics@19-ea/com.sun.glass.ui.win.WinApplication._runLoop(Native Method)
	at javafx.graphics@19-ea/com.sun.glass.ui.win.WinApplication.lambda$runLoop$3(WinApplication.java:184)
	at java.base/java.lang.Thread.run(Thread.java:1589)
